 [INFO] 22 Aug 2021 13:24:24,059
      [background-preinit] [] org.hibernate.validator.internal.util.Version <clinit> - HV000001: Hibernate Validator 6.1.7.Final
 [INFO] 22 Aug 2021 13:24:24,138
      [main] [] com.trisul.TrisulApplication logStarting - Starting TrisulApplication v0.0.1-SNAPSHOT on gurlaptop310 with PID 12400 (C:\h3kumar\personal\code\service\trisul\target\trisul.jar started by h3kumar in C:\h3kumar\personal\code\service\trisul\target)
 [INFO] 22 Aug 2021 13:24:24,141
      [main] [] com.trisul.TrisulApplication logStartupProfileInfo - No active profile set, falling back to default profiles: default
 [INFO] 22 Aug 2021 13:24:25,977
      [main] [] org.springframework.data.repository.config.RepositoryConfigurationDelegate registerRepositoriesIn - Bootstrapping Spring Data JPA repositories in DEFAULT mode.
 [INFO] 22 Aug 2021 13:24:26,138
      [main] [] org.springframework.data.repository.config.RepositoryConfigurationDelegate registerRepositoriesIn - Finished Spring Data repository scanning in 147ms. Found 3 JPA repository interfaces.
 [INFO] 22 Aug 2021 13:24:26,678
      [main] [] org.springframework.context.support.PostProcessorRegistrationDelegate$BeanPostProcessorChecker postProcessAfterInitialization - Bean 'org.springframework.security.access.expression.method.DefaultMethodSecurityExpressionHandler@2aa27288' of type [org.springframework.security.access.expression.method.DefaultMethodSecurityExpressionHandler] is not eligible for getting processed by all BeanPostProcessors (for example: not eligible for auto-proxying)
 [INFO] 22 Aug 2021 13:24:26,681
      [main] [] org.springframework.context.support.PostProcessorRegistrationDelegate$BeanPostProcessorChecker postProcessAfterInitialization - Bean 'methodSecurityMetadataSource' of type [org.springframework.security.access.method.DelegatingMethodSecurityMetadataSource] is not eligible for getting processed by all BeanPostProcessors (for example: not eligible for auto-proxying)
 [INFO] 22 Aug 2021 13:24:27,384
      [main] [] org.springframework.boot.web.embedded.tomcat.TomcatWebServer initialize - Tomcat initialized with port(s): 2041 (http)
 [INFO] 22 Aug 2021 13:24:27,406
      [main] [] org.apache.coyote.http11.Http11NioProtocol log - Initializing ProtocolHandler ["http-nio-2041"]
 [INFO] 22 Aug 2021 13:24:27,406
      [main] [] org.apache.catalina.core.StandardService log - Starting service [Tomcat]
 [INFO] 22 Aug 2021 13:24:27,406
      [main] [] org.apache.catalina.core.StandardEngine log - Starting Servlet engine: [Apache Tomcat/9.0.45]
 [INFO] 22 Aug 2021 13:24:27,520
      [main] [] org.apache.catalina.core.ContainerBase.[Tomcat].[localhost].[/trisul] log - Initializing Spring embedded WebApplicationContext
 [INFO] 22 Aug 2021 13:24:27,520
      [main] [] org.springframework.boot.web.servlet.context.ServletWebServerApplicationContext prepareWebApplicationContext - Root WebApplicationContext: initialization completed in 3254 ms
 [INFO] 22 Aug 2021 13:24:27,748
      [main] [] com.zaxxer.hikari.HikariDataSource getConnection - HikariPool-1 - Starting...
 [INFO] 22 Aug 2021 13:24:28,123
      [main] [] com.zaxxer.hikari.HikariDataSource getConnection - HikariPool-1 - Start completed.
 [INFO] 22 Aug 2021 13:24:30,378
      [main] [] liquibase.executor.jvm.JdbcExecutor info - SELECT COUNT(*) FROM public.databasechangeloglock
 [INFO] 22 Aug 2021 13:24:30,397
      [main] [] liquibase.executor.jvm.JdbcExecutor info - SELECT COUNT(*) FROM public.databasechangeloglock
 [INFO] 22 Aug 2021 13:24:30,399
      [main] [] liquibase.executor.jvm.JdbcExecutor info - SELECT LOCKED FROM public.databasechangeloglock WHERE ID=1
 [INFO] 22 Aug 2021 13:24:30,416
      [main] [] liquibase.lockservice.StandardLockService info - Successfully acquired change log lock
 [INFO] 22 Aug 2021 13:24:47,256
      [main] [] liquibase.executor.jvm.JdbcExecutor info - SELECT MD5SUM FROM public.databasechangelog WHERE MD5SUM IS NOT NULL LIMIT 1
 [INFO] 22 Aug 2021 13:24:47,273
      [main] [] liquibase.executor.jvm.JdbcExecutor info - SELECT COUNT(*) FROM public.databasechangelog
 [INFO] 22 Aug 2021 13:24:47,275
      [main] [] liquibase.changelog.StandardChangeLogHistoryService info - Reading from public.databasechangelog
 [INFO] 22 Aug 2021 13:24:47,275
      [main] [] liquibase.executor.jvm.JdbcExecutor info - SELECT * FROM public.databasechangelog ORDER BY DATEEXECUTED ASC, ORDEREXECUTED ASC
 [INFO] 22 Aug 2021 13:24:47,394
      [main] [] liquibase.lockservice.StandardLockService info - Successfully released change log lock
 [INFO] 22 Aug 2021 13:24:47,865
      [main] [] org.hibernate.jpa.internal.util.LogHelper logPersistenceUnitInformation - HHH000204: Processing PersistenceUnitInfo [name: default]
 [INFO] 22 Aug 2021 13:24:48,413
      [main] [] org.hibernate.Version logVersion - HHH000412: Hibernate ORM core version 5.4.30.Final
 [INFO] 22 Aug 2021 13:24:49,168
      [main] [] org.hibernate.annotations.common.Version <clinit> - HCANN000001: Hibernate Commons Annotations {5.1.2.Final}
 [INFO] 22 Aug 2021 13:24:49,668
      [main] [] org.hibernate.dialect.Dialect <init> - HHH000400: Using dialect: org.hibernate.dialect.PostgreSQL95Dialect
 [INFO] 22 Aug 2021 13:24:52,192
      [main] [] org.hibernate.engine.transaction.jta.platform.internal.JtaPlatformInitiator initiateService - HHH000490: Using JtaPlatform implementation: [org.hibernate.engine.transaction.jta.platform.internal.NoJtaPlatform]
 [INFO] 22 Aug 2021 13:24:52,245
      [main] [] org.springframework.orm.jpa.LocalContainerEntityManagerFactoryBean buildNativeEntityManagerFactory - Initialized JPA EntityManagerFactory for persistence unit 'default'
 [INFO] 22 Aug 2021 13:24:55,061
      [main] [] org.springframework.security.web.DefaultSecurityFilterChain <init> - Creating filter chain: any request, [org.springframework.security.web.context.request.async.WebAsyncManagerIntegrationFilter@20b829d5, org.springframework.security.web.context.SecurityContextPersistenceFilter@21be14c2, org.springframework.security.web.header.HeaderWriterFilter@5be51aa, org.springframework.security.web.authentication.logout.LogoutFilter@3f357c9d, com.trisul.core.security.jwt.JwtRequestFilter@4e974b9e, org.springframework.security.web.savedrequest.RequestCacheAwareFilter@83b0d0f, org.springframework.security.web.servletapi.SecurityContextHolderAwareRequestFilter@31228d83, org.springframework.security.web.authentication.AnonymousAuthenticationFilter@7c5f29c6, org.springframework.security.web.session.SessionManagementFilter@77ccded4, org.springframework.security.web.access.ExceptionTranslationFilter@74b1838, org.springframework.security.web.access.intercept.FilterSecurityInterceptor@6f8667bb]
 [INFO] 22 Aug 2021 13:24:55,660
      [main] [] org.springframework.scheduling.concurrent.ThreadPoolTaskExecutor initialize - Initializing ExecutorService 'applicationTaskExecutor'
 [INFO] 22 Aug 2021 13:24:57,207
      [main] [] org.springframework.boot.autoconfigure.web.servlet.WelcomePageHandlerMapping <init> - Adding welcome page: class path resource [resources/index.html]
 [INFO] 22 Aug 2021 13:24:58,121
      [main] [] org.apache.coyote.http11.Http11NioProtocol log - Starting ProtocolHandler ["http-nio-2041"]
 [INFO] 22 Aug 2021 13:24:58,193
      [main] [] org.springframework.boot.web.embedded.tomcat.TomcatWebServer start - Tomcat started on port(s): 2041 (http) with context path '/trisul'
 [INFO] 22 Aug 2021 13:24:58,248
      [main] [] com.trisul.TrisulApplication logStarted - Started TrisulApplication in 34.953 seconds (JVM running for 36.756)
 [INFO] 22 Aug 2021 13:24:58,446
      [http-nio-2041-exec-1] [] org.apache.catalina.core.ContainerBase.[Tomcat].[localhost].[/trisul] log - Initializing Spring DispatcherServlet 'dispatcherServlet'
 [INFO] 22 Aug 2021 13:24:58,455
      [http-nio-2041-exec-1] [] org.springframework.web.servlet.DispatcherServlet initServletBean - Initializing Servlet 'dispatcherServlet'
 [INFO] 22 Aug 2021 13:24:58,475
      [http-nio-2041-exec-1] [] org.springframework.web.servlet.DispatcherServlet initServletBean - Completed initialization in 20 ms
